<?xml version="1.0" encoding="utf-8"?><testsuite errors="0" failures="0" name="sphinx-gallery" skipped="0" tests="1" time="0.12252116203308105"><testcase classname="plot_repr" file="examples/plot_repr.py" line="1" name="Repr test" time="0.12252116203308105"></testcase></testsuite>